This is pdfTeX, Version 3.141592653-2.6-1.40.25 (TeX Live 2023/MacPorts 2023.66589_2) (preloaded format=latex 2023.12.6)  3 JAN 2024 07:02
entering extended mode
 restricted \write18 enabled.
 %&-line parsing enabled.
**veryshortnat.dbj
(./veryshortnat.dbj
LaTeX2e <2022-11-01> patch level 1
L3 programming layer <2023-02-22>
(/opt/local/share/texmf-texlive/tex/latex/base/docstrip.tex
\blockLevel=\count185
\emptyLines=\count186
\processedLines=\count187
\commentsRemoved=\count188
\commentsPassed=\count189
\codeLinesPassed=\count190
\TotalprocessedLines=\count191
\TotalcommentsRemoved=\count192
\TotalcommentsPassed=\count193
\TotalcodeLinesPassed=\count194
\NumberOfFiles=\count195
\inFile=\read2
\inputcheck=\read3
\off@0=\count196
\off@1=\count197
\off@2=\count198
\off@3=\count199
\off@4=\count266
\off@5=\count267
\off@6=\count268
\off@7=\count269
\off@8=\count270
\off@9=\count271
\off@10=\count272
\off@11=\count273
\off@12=\count274
\off@13=\count275
\off@14=\count276
\off@15=\count277
\@maxfiles=\count278
\@maxoutfiles=\count279

Utility: `docstrip' v2.6b <2022-09-03>
English documentation    <2022-09-03>

**********************************************************
* This program converts documented macro-files into fast *
* loadable files by stripping off (nearly) all comments! *
**********************************************************

********************************************************
* No Configuration file found, using default settings. *
********************************************************

)

Generating file(s) ./veryshortnat.bst 
\openout0 = `./veryshortnat.bst'.


Processing file merlin.mbs (head,ay,nat,nm-init,ed-au,jnrlst,nmdash,nmlm,x2,m1,
keyxyr,xmth,note-yr,jtit-x,jxper,num-xser,doi,pp,ed,abr,ednx,mth-bare,ord,jabr,
amper,nfss,,{}) -> veryshortnat.bst
Lines  processed: 9446
Comments removed: 3867
Comments  passed: 1
Codelines passed: 3732


Processing file geojour.mbs (ay,nat,nm-init,ed-au,jnrlst,nmdash,nmlm,x2,m1,keyx
yr,xmth,note-yr,jtit-x,jxper,num-xser,doi,pp,ed,abr,ednx,mth-bare,ord,jabr,ampe
r,nfss,,{}) -> veryshortnat.bst
Lines  processed: 404
Comments removed: 143
Comments  passed: 0
Codelines passed: 249


Processing file merlin.mbs (tail,ay,nat,nm-init,ed-au,jnrlst,nmdash,nmlm,x2,m1,
keyxyr,xmth,note-yr,jtit-x,jxper,num-xser,doi,pp,ed,abr,ednx,mth-bare,ord,jabr,
amper,nfss,,{}) -> veryshortnat.bst
Lines  processed: 9446
Comments removed: 3867
Comments  passed: 1
Codelines passed: 3732

Overall statistics:
Files  processed: 3
Lines  processed: 19296
Comments removed: 7877
Comments  passed: 2
Codelines passed: 7713
 ) 
Here is how much of TeX's memory you used:
 659 strings out of 476026
 5992 string characters out of 5792023
 1849385 words of memory out of 5000000
 21204 multiletter control sequences out of 15000+600000
 512287 words of font info for 32 fonts, out of 8000000 for 9000
 1141 hyphenation exceptions out of 8191
 14i,0n,19p,325b,445s stack positions out of 10000i,1000n,20000p,200000b,200000s

No pages of output.
